0 info it worked if it ends with ok
1 verbose cli [ '/usr/local/bin/node', '/usr/local/bin/npm', 'run', 'deploy' ]
2 info using npm@3.10.3
3 info using node@v5.4.1
4 verbose run-script [ 'predeploy', 'deploy', 'postdeploy' ]
5 info lifecycle book@1.0.0~predeploy: book@1.0.0
6 silly lifecycle book@1.0.0~predeploy: no script for predeploy, continuing
7 info lifecycle book@1.0.0~deploy: book@1.0.0
8 verbose lifecycle book@1.0.0~deploy: unsafe-perm in lifecycle true
9 verbose lifecycle book@1.0.0~deploy: PATH: /usr/local/lib/node_modules/npm/bin/node-gyp-bin:/Users/huangtianen/Work/book/node_modules/.bin:/usr/local/bin:/usr/local/bin:/usr/bin:/bin:/usr/sbin:/sbin
10 verbose lifecycle book@1.0.0~deploy: CWD: /Users/huangtianen/Work/book
11 silly lifecycle book@1.0.0~deploy: Args: [ '-c', 'git add . && git commit -a -m \'commit\' && git push' ]
12 silly lifecycle book@1.0.0~deploy: Returned: code: 1  signal: null
13 info lifecycle book@1.0.0~deploy: Failed to exec deploy script
14 verbose stack Error: book@1.0.0 deploy: `git add . && git commit -a -m 'commit' && git push`
14 verbose stack Exit status 1
14 verbose stack     at EventEmitter.<anonymous> (/usr/local/lib/node_modules/npm/lib/utils/lifecycle.js:242:16)
14 verbose stack     at emitTwo (events.js:87:13)
14 verbose stack     at EventEmitter.emit (events.js:172:7)
14 verbose stack     at ChildProcess.<anonymous> (/usr/local/lib/node_modules/npm/lib/utils/spawn.js:40:14)
14 verbose stack     at emitTwo (events.js:87:13)
14 verbose stack     at ChildProcess.emit (events.js:172:7)
14 verbose stack     at maybeClose (internal/child_process.js:821:16)
14 verbose stack     at Process.ChildProcess._handle.onexit (internal/child_process.js:211:5)
15 verbose pkgid book@1.0.0
16 verbose cwd /Users/huangtianen/Work/book
17 error Darwin 15.4.0
18 error argv "/usr/local/bin/node" "/usr/local/bin/npm" "run" "deploy"
19 error node v5.4.1
20 error npm  v3.10.3
21 error code ELIFECYCLE
22 error book@1.0.0 deploy: `git add . && git commit -a -m 'commit' && git push`
22 error Exit status 1
23 error Failed at the book@1.0.0 deploy script 'git add . && git commit -a -m 'commit' && git push'.
23 error Make sure you have the latest version of node.js and npm installed.
23 error If you do, this is most likely a problem with the book package,
23 error not with npm itself.
23 error Tell the author that this fails on your system:
23 error     git add . && git commit -a -m 'commit' && git push
23 error You can get information on how to open an issue for this project with:
23 error     npm bugs book
23 error Or if that isn't available, you can get their info via:
23 error     npm owner ls book
23 error There is likely additional logging output above.
24 verbose exit [ 1, true ]
